<?xml version="1.0" encoding="UTF-8"?>
<!-- Generated by org.testng.reporters.JUnitReportReporter -->
<testsuite skipped="0" hostname="IBM415-PC0GK30Y" name="com.crm.qa.testcases.HomePageTest" tests="2" failures="0" timestamp="10 Jan 2019 07:55:46 GMT" time="36.569" errors="0">
  <testcase name="verifyContactsLinkTest" time="18.857" classname="com.crm.qa.testcases.HomePageTest"/>
  <testcase name="verifyHomePageTitleTest" time="17.712" classname="com.crm.qa.testcases.HomePageTest"/>
</testsuite> <!-- com.crm.qa.testcases.HomePageTest -->
