<?xml version="1.0" encoding="UTF-8"?>
<!-- Generated by org.testng.reporters.JUnitReportReporter -->
<testsuite skipped="0" hostname="IBM415-PC0GK30Y" name="com.crm.qa.testcases.LoginPageTest" tests="2" failures="0" timestamp="10 Jan 2019 07:55:46 GMT" time="31.146" errors="0">
  <testcase name="loginTest" time="19.400" classname="com.crm.qa.testcases.LoginPageTest"/>
  <testcase name="loginPageTitleTest" time="11.746" classname="com.crm.qa.testcases.LoginPageTest"/>
</testsuite> <!-- com.crm.qa.testcases.LoginPageTest -->
