<?xml version="1.0" encoding="UTF-8"?>
<!-- Generated by org.testng.reporters.JUnitReportReporter -->
<testsuite skipped="0" hostname="IBM415-PC0GK30Y" name="com.crm.qa.testcases.ContactsPageTest" tests="1" failures="0" timestamp="10 Jan 2019 07:55:46 GMT" time="19.255" errors="0">
  <testcase name="verifyContactsPageLabel" time="19.255" classname="com.crm.qa.testcases.ContactsPageTest"/>
</testsuite> <!-- com.crm.qa.testcases.ContactsPageTest -->
